

NEW GAME START!
	do I save big leaders have to say yes yes : have : 0.2 : no
	do I save big leaders have to say yes yes : have : 0.2 : yes
	do I save big leaders have to say yes yes : lead : 0.1 : yes
	do I save big leaders have to say yes yes : yes : 16.0 : yes
	do I save big leaders have to say yes yes : do : 0.5714285714285714 : do nothing
	do I save big leaders have to say yes yes : lea : 1.0 : no
	do I save big leaders have to say yes yes : save : 0.5 : yes
	do I save big leaders have to say yes yes : say : 0.5 : repeat
	do I save big leaders have to say yes yes : say : 0.2 : yes
	do i have a feeling this say yes just yes : have : 0.2 : no
	do i have a feeling this say yes just yes : have : 0.2 : yes
	do i have a feeling this say yes just yes : this : 0.08333333333333333 : repeat
	do i have a feeling this say yes just yes : this : 0.16666666666666666 : time
	do i have a feeling this say yes just yes : this : 0.08333333333333333 : date
	do i have a feeling this say yes just yes : feel : 0.13333333333333333 : time
	do i have a feeling this say yes just yes : feel : 0.06666666666666667 : date
	do i have a feeling this say yes just yes : feel : 0.13333333333333333 : yes
	do i have a feeling this say yes just yes : yes : 16.0 : yes
	do i have a feeling this say yes just yes : do : 0.5714285714285714 : do nothing
	do i have a feeling this say yes just yes : just : 0.2 : no
	do i have a feeling this say yes just yes : just : 0.2 : time
	do i have a feeling this say yes just yes : just : 0.4 : yes
	do i have a feeling this say yes just yes : say : 0.5 : repeat
	do i have a feeling this say yes just yes : say : 0.2 : yes
	when the was a failure of the or or if the is yet : the : 0.15384615384615385 : time
	when the was a failure of the or or if the is yet : the : 0.07692307692307693 : date
	when the was a failure of the or or if the is yet : fail : 0.07142857142857142 : yes
	when the was a failure of the or or if the is yet : yet : 0.6666666666666666 : repeat
Cleaning up: 7712
File Cleanup - .gram: FileNotFoundError
File Cleanup - .fsg: FileNotFoundError
File Cleanup - .dict: FileNotFoundError
	when the was a failure of the or or if the is yet : when : 0.3333333333333333 : repeat
['yes', [('yes', 24.432126274107272), ('no', 1.1671494999999998), ('repeat', 0.9297626291685054), ('do nothing', 0.8224521428571427), ('time', 0.3733513339746418), ('date', 0.11667566698732093)]]

Cleaning up: 4064
File Cleanup - .gram: FileNotFoundError
File Cleanup - .fsg: FileNotFoundError
File Cleanup - .dict: FileNotFoundError
	yes : yes : 16.0 : yes
Google: ['do I save big leaders have to say yes yes', 0.73929125, '']
WitAPI: ['do i have a feeling this say yes just yes', 0.7, '']
Sphinx: ['when the was a failure of the or or if the is yet', 0.15178367083517208, '']
Select: ['yes', [('yes', 24.432126274107272), ('no', 1.1671494999999998), ('repeat', 0.9297626291685054), ('do nothing', 0.8224521428571427), ('time', 0.3733513339746418), ('date', 0.11667566698732093)]]
User Select - yes
Next Address: - 4/00b

Auto Select - auto
Next Address: - 0/00b

Auto Select - auto
Next Address: - 0/01a

Auto Select - auto
Next Address: - 0/01b

Cleaning up: 956
File Cleanup - .gram: FileNotFoundError
File Cleanup - .fsg: FileNotFoundError
File Cleanup - .dict: FileNotFoundError
Cleaning up: 1044
File Cleanup - .gram: FileNotFoundError
File Cleanup - .fsg: FileNotFoundError
File Cleanup - .dict: FileNotFoundError
Cleaning up: 6052
File Cleanup - .gram: FileNotFoundError
File Cleanup - .fsg: FileNotFoundError
File Cleanup - .dict: FileNotFoundError
	I believe : believe : 0.6666666666666666 : yes
	i believe : believe : 0.6666666666666666 : yes
	i believe : i believe : 2.0 : yes
	until you'd and one moment please a certain these are the soft money : certain : 0.6666666666666666 : yes
	until you'd and one moment please a certain these are the soft money : and : 0.2 : repeat
	until you'd and one moment please a certain these are the soft money : these : 2.0 : date
	until you'd and one moment please a certain these are the soft money : one : 0.07692307692307693 : date
	until you'd and one moment please a certain these are the soft money : one : 0.15384615384615385 : time
	until you'd and one moment please a certain these are the soft money : one : 0.07692307692307693 : repeat
	until you'd and one moment please a certain these are the soft money : one : 0.23076923076923078 : leave phone booth
	until you'd and one moment please a certain these are the soft money : are : 0.2 : leave phone booth
	until you'd and one moment please a certain these are the soft money : until : 0.25 : date
	until you'd and one moment please a certain these are the soft money : until : 0.125 : stay in phone booth
	until you'd and one moment please a certain these are the soft money : on : 1.0 : yes
	until you'd and one moment please a certain these are the soft money : money : 0.5 : leave phone booth
	until you'd and one moment please a certain these are the soft money : the : 0.07692307692307693 : date
	until you'd and one moment please a certain these are the soft money : the : 0.15384615384615385 : time
	until you'd and one moment please a certain these are the soft money : the : 0.23076923076923078 : leave phone booth
	until you'd and one moment please a certain these are the soft money : cert : 2.0 : yes
	until you'd and one moment please a certain these are the soft money : moment : 1.5 : date
	until you'd and one moment please a certain these are the soft money : moment : 1.5 : time
	until you'd and one moment please a certain these are the soft money : please : 0.5555555555555556 : look around
	until you'd and one moment please a certain these are the soft money : please : 0.1111111111111111 : repeat
	until you'd and one moment please a certain these are the soft money : please : 0.1111111111111111 : wake up
['yes', [('yes', 2.4669714302443557), ('date', 0.24008750048743518), ('time', 0.11117352239319658), ('leave phone booth', 0.07143490162286249), ('look around', 0.034166803572377204), ('repeat', 0.023864198187475767), ('stay in phone booth', 0.00768753080378487), ('wake up', 0.00683336071447544), ('no', 0.0), ('restart', 0.0)]]

Cleaning up: 8688
File Cleanup - .gram: FileNotFoundError
File Cleanup - .fsg: FileNotFoundError
File Cleanup - .dict: FileNotFoundError
Google: ['I believe', 0.56220579, '']
WitAPI: ['i believe', 0.7, '']
Sphinx: ["until you'd and one moment please a certain these are the soft money", 0.06150024643027896, '']
Select: ['yes', [('yes', 2.4669714302443557), ('date', 0.24008750048743518), ('time', 0.11117352239319658), ('leave phone booth', 0.07143490162286249), ('look around', 0.034166803572377204), ('repeat', 0.023864198187475767), ('stay in phone booth', 0.00768753080378487), ('wake up', 0.00683336071447544), ('no', 0.0), ('restart', 0.0)]]
User Select - yes
Next Address: - 0/02b1

Auto Select - auto
Next Address: - 0/02b2

Cleaning up: 9584
File Cleanup - .gram: FileNotFoundError
File Cleanup - .fsg: FileNotFoundError
File Cleanup - .dict: FileNotFoundError
Cleaning up: 6104
File Cleanup - .gram: FileNotFoundError
File Cleanup - .fsg: FileNotFoundError
File Cleanup - .dict: FileNotFoundError
Cleaning up: 6780
File Cleanup - .gram: FileNotFoundError
File Cleanup - .fsg: FileNotFoundError
File Cleanup - .dict: FileNotFoundError
Cleaning up: 5728
File Cleanup - .gram: FileNotFoundError
File Cleanup - .fsg: FileNotFoundError
File Cleanup - .dict: FileNotFoundError
User Select - $Silence
Next Address: - 4/07

	motherload : mother : 0.25 : no
	move to them : move : 0.08695652173913043 : wake up
	move to them : move : 0.17391304347826086 : go back into the phone booth
	move to them : move : 0.043478260869565216 : wait around
	move to them : move : 0.13043478260869565 : yes
	move to them : move : 0.17391304347826086 : do nothing
	move to them : the : 0.07692307692307693 : date
	move to them : the : 0.07692307692307693 : go back into the phone booth
	move to them : the : 0.15384615384615385 : time
['no', [('no', 0.16148287), ('go back into the phone booth', 0.053806854140833735), ('do nothing', 0.03730608553764472), ('time', 0.03300153720637803), ('yes', 0.027979564153233542), ('wake up', 0.01865304276882236), ('date', 0.016500768603189015), ('wait around', 0.00932652138441118), ('look for others', 0.0), ('repeat', 0.0), ('restart', 0.0)]]

Cleaning up: 3752
File Cleanup - .gram: FileNotFoundError
File Cleanup - .fsg: FileNotFoundError
File Cleanup - .dict: FileNotFoundError
Google: ['motherload', 0.64593148, '']
WitAPI: ["let's", 0.7, '']
Sphinx: ['move to them', 0.21450999184145716, '']
Select: ['$User_Error', []]
User Select - $User_Error
Next Address: - 4/05


NEW GAME START!
	yes : yes : 16.0 : yes
	yes : yes : 16.0 : yes
	yes : yes : 16.0 : yes
['yes', [('yes', 34.84016267987644), ('repeat', 0.0), ('time', 0.0), ('do nothing', 0.0), ('date', 0.0), ('no', 0.0)]]

Cleaning up: 9552
File Cleanup - .gram: FileNotFoundError
File Cleanup - .fsg: FileNotFoundError
File Cleanup - .dict: FileNotFoundError
Google: ['yes', 0.96419775, '']
WitAPI: ['yes', 0.7, '']
Sphinx: ['yes', 0.5133124174922775, '']
Select: ['yes', [('yes', 34.84016267987644), ('repeat', 0.0), ('time', 0.0), ('do nothing', 0.0), ('date', 0.0), ('no', 0.0)]]
User Select - yes
Next Address: - 4/00b

Auto Select - auto
Next Address: - 0/00b

Auto Select - auto
Next Address: - 0/01a

Auto Select - auto
Next Address: - 0/01b

	live : live : 0.4 : yes
	live : live : 1.8 : stay in phone booth
	live : live : 0.2 : time
	i live : live : 0.4 : yes
	i live : live : 1.8 : stay in phone booth
	i live : live : 0.2 : time
	leave : leave : 0.6875 : leave phone booth
	leave : leave : 0.25 : no
	leave : leave : 0.25 : yes
	leave : lea : 1.0 : no
['stay_in_phone_booth', [('stay in phone booth', 2.6989974180000003), ('yes', 0.6790415579784246), ('no', 0.39632176989212275), ('time', 0.299888602), ('leave phone booth', 0.2179769734406675), ('repeat', 0.0), ('look around', 0.0), ('date', 0.0), ('wake up', 0.0), ('restart', 0.0)]]

Cleaning up: 6060
File Cleanup - .gram: FileNotFoundError
File Cleanup - .fsg: FileNotFoundError
File Cleanup - .dict: FileNotFoundError
Google: ['live', 0.79944301, '']
WitAPI: ['i live', 0.7, '']
Sphinx: ['leave', 0.3170574159136982, '']
Select: ['stay_in_phone_booth', [('stay in phone booth', 2.6989974180000003), ('yes', 0.6790415579784246), ('no', 0.39632176989212275), ('time', 0.299888602), ('leave phone booth', 0.2179769734406675), ('repeat', 0.0), ('look around', 0.0), ('date', 0.0), ('wake up', 0.0), ('restart', 0.0)]]
User Select - stay_in_phone_booth
Next Address: - 0/02a1

Auto Select - auto
Next Address: - 0/02a2

Auto Select - auto
Next Address: - 4/98

	how to get Park : get : 0.05263157894736842 : time
	how to get Park : get : 0.10526315789473684 : yes
	how to get Park : get : 0.05263157894736842 : no
	how to get Park : how : 1.0 : repeat
	she was hard go go go about your also know : go : 0.125 : yes
	she was hard go go go about your also know : about : 0.058823529411764705 : yes
['repeat', [('repeat', 0.66002995), ('yes', 0.19815330743034057), ('time', 0.03473841842105263), ('no', 0.03473841842105263), ('date', 0.0)]]

Cleaning up: 7096
File Cleanup - .gram: FileNotFoundError
File Cleanup - .fsg: FileNotFoundError
File Cleanup - .dict: FileNotFoundError
Google: ['how to get Park', 0.66002995, '']
WitAPI: ['she was hard go go go about your also know', 0.7, '']
Sphinx: ["if fifteen hundred fuck won't group a at you about the hoover we'd move move to you you toto and no", 0.04376837891039116, '']
Select: ['repeat', [('repeat', 0.66002995), ('yes', 0.19815330743034057), ('time', 0.03473841842105263), ('no', 0.03473841842105263), ('date', 0.0)]]
User Select - repeat
	no : no : 4.5 : no
	no : no : 4.5 : no
	no and : no : 4.5 : no
	no and : and : 0.2 : repeat
['no', [('no', 9.260240732360302), ('repeat', 0.08872955477156896), ('date', 0.0), ('time', 0.0), ('yes', 0.0)]]

Cleaning up: 5152
File Cleanup - .gram: FileNotFoundError
File Cleanup - .fsg: FileNotFoundError
File Cleanup - .dict: FileNotFoundError
Google: ['no', 0.9141835, '']
WitAPI: ['no', 0.7, '']
Sphinx: ['no and', 0.44364777385784476, '']
Select: ['no', [('no', 9.260240732360302), ('repeat', 0.08872955477156896), ('date', 0.0), ('time', 0.0), ('yes', 0.0)]]
User Select - no
Next Address: - 4/99

Traceback (most recent call last):
  File "C:\Program Files\Python35\lib\multiprocessing\connection.py", line 312, in _recv_bytes
    nread, err = ov.GetOverlappedResult(True)
BrokenPipeError: [WinError 109] The pipe has been ended

During handling of the above exception, another exception occurred:

Traceback (most recent call last):
  File "C:\Users\Student\Desktop\Uni\The Vaguely Parable\The-Vaguely-Parable\Code\Reader.py", line 37, in reader
    has_changed = to_be_read[1]
  File "<string>", line 2, in __getitem__
  File "C:\Program Files\Python35\lib\multiprocessing\managers.py", line 717, in _callmethod
    kind, result = conn.recv()
  File "C:\Program Files\Python35\lib\multiprocessing\connection.py", line 250, in recv
    buf = self._recv_bytes()
  File "C:\Program Files\Python35\lib\multiprocessing\connection.py", line 321, in _recv_bytes
    raise EOFError
EOFError
Reader has failed unexpectedly. 
Traceback (most recent call last):
  File "C:\Program Files\Python35\lib\multiprocessing\managers.py", line 709, in _callmethod
    conn = self._tls.connection
AttributeError: 'ForkAwareLocal' object has no attribute 'connection'

During handling of the above exception, another exception occurred:

Traceback (most recent call last):
  File "C:\Users\Student\Desktop\Uni\The Vaguely Parable\The-Vaguely-Parable\Code\Reader.py", line 56, in reader
    is_faulty[0] = True
  File "<string>", line 2, in __setitem__
  File "C:\Program Files\Python35\lib\multiprocessing\managers.py", line 713, in _callmethod
    self._connect()
  File "C:\Program Files\Python35\lib\multiprocessing\managers.py", line 700, in _connect
    conn = self._Client(self._token.address, authkey=self._authkey)
  File "C:\Program Files\Python35\lib\multiprocessing\connection.py", line 485, in Client
    c = PipeClient(address)
  File "C:\Program Files\Python35\lib\multiprocessing\connection.py", line 686, in PipeClient
    _winapi.WaitNamedPipe(address, 1000)
FileNotFoundError: [WinError 2] The system cannot find the file specified
Selector Error: [WinError 2] The system cannot find the file specified
